<?xml version="1.0" encoding="UTF-8"?>
<!-- Generated by org.testng.reporters.JUnitReportReporter -->
<testsuite hostname="yesmadam-Vostro-3581" failures="0" tests="1" name="com.BrowserSetup.GoogleTestNg" time="12.638" errors="0" timestamp="2022-12-21T18:04:32 IST" skipped="0">
  <testcase classname="com.BrowserSetup.GoogleTestNg" name="browserLaunch" time="12.638"/>
  <system-out/>
</testsuite> <!-- com.BrowserSetup.GoogleTestNg -->
