<?xml version="1.0" encoding="UTF-8"?>
<!-- Generated by org.testng.reporters.JUnitReportReporter -->
<testsuite hostname="yesmadam-Vostro-3581" failures="0" tests="1" name="com.BrowserSetup.GoogleTestNg" time="6.470" errors="0" timestamp="2022-12-22T18:32:56 IST" skipped="0">
  <testcase classname="com.BrowserSetup.GoogleTestNg" name="browserLaunch" time="6.470"/>
  <system-out/>
</testsuite> <!-- com.BrowserSetup.GoogleTestNg -->
